<?xml version="1.0" encoding="UTF-8"?>
<testsuite xmlns:xsi="http://www.w3.org/2001/XMLSchema-instance" xsi:noNamespaceSchemaLocation="https://maven.apache.org/surefire/maven-surefire-plugin/xsd/surefire-test-report-3.0.xsd" version="3.0" name="com.enicarthage.devops_project.controller.TaskControllerTest" time="3.408" tests="4" errors="0" skipped="0" failures="0">
  <properties>
[...]
</properties>
  <testcase name="helloShouldReturnMessage" classname="com.enicarthage.devops_project.controller.TaskControllerTest" time="1.048">
    <system-out><![CDATA[14:43:34.540 [main] INFO org.springframework.test.context.support.AnnotationConfigContextLoaderUtils -- Could not detect default configuration classes for test class [com.enicarthage.devops_project.controller.TaskControllerTest]: TaskControllerTest does not declare any static, non-private, non-final, nested classes annotated with @Configuration.
14:43:34.684 [main] INFO org.springframework.boot.test.context.SpringBootTestContextBootstrapper -- Found @SpringBootConfiguration com.enicarthage.devops_project.DevopsProjectApplication for test class com.enicarthage.devops_project.controller.TaskControllerTest

  .   ____          _            __ _ _
 /\\ / ___'_ __ _ _(_)_ __  __ _ \ \ \ \
( ( )\___ | '_ | '_| | '_ \/ _` | \ \ \ \
 \\/  ___)| |_)| | | | | || (_| |  ) ) ) )
  '  |____| .__|_| |_|_| |_\__, | / / / /
 =========|_|==============|___/=/_/_/_/
 :: Spring Boot ::                (v3.2.1)

2026-01-14 14:43:35 INFO  Starting TaskControllerTest using Java 21.0.4 with PID 21340 (started by user in C:\Users\user\Desktop\devops-project)
2026-01-14 14:43:35 INFO  No active profile set, falling back to 1 default profile: "default"
2026-01-14 14:43:36 INFO  Initializing Spring TestDispatcherServlet ''
2026-01-14 14:43:36 INFO  Initializing Servlet ''
2026-01-14 14:43:36 INFO  Completed initialization in 1 ms
2026-01-14 14:43:36 INFO  Started TaskControllerTest in 1.641 seconds (process running for 2.69)
traceId=2c9f89b2-2996-4266-91f2-162a8517e224 method=GET path=/hello status=200 durationMs=53
]]></system-out>
    <system-err><![CDATA[WARNING: A Java agent has been loaded dynamically (C:\Users\user\.m2\repository\net\bytebuddy\byte-buddy-agent\1.14.10\byte-buddy-agent-1.14.10.jar)
WARNING: If a serviceability tool is in use, please run with -XX:+EnableDynamicAgentLoading to hide this warning
WARNING: If a serviceability tool is not in use, please run with -Djdk.instrument.traceUsage for more information
WARNING: Dynamic loading of agents will be disallowed by default in a future release
]]></system-err>
  </testcase>
  <testcase name="createTaskShouldReturnTask" classname="com.enicarthage.devops_project.controller.TaskControllerTest" time="0.153">
    <system-out><![CDATA[traceId=44e41ffd-babf-47e3-816a-c982fc218c47 method=POST path=/tasks status=200 durationMs=108
]]></system-out>
  </testcase>
  <testcase name="healthShouldReturnUp" classname="com.enicarthage.devops_project.controller.TaskControllerTest" time="0.008">
    <system-out><![CDATA[traceId=a83e7eb3-6a6f-4b71-ac61-3f3ea220f368 method=GET path=/health status=200 durationMs=1
]]></system-out>
  </testcase>
  <testcase name="getTasksShouldReturnList" classname="com.enicarthage.devops_project.controller.TaskControllerTest" time="0.012">
    <system-out><![CDATA[traceId=f0b91135-92a7-4c38-ba38-59ecd1ddb3f1 method=GET path=/tasks status=200 durationMs=7
]]></system-out>
  </testcase>
</testsuite>